[ 20%] Built target compression_backends
[ 25%] Building CXX object vk_symbiote/CMakeFiles/vk_symbiote.dir/src/ShaderRuntime.cpp.o
[ 30%] Building CXX object vk_symbiote/CMakeFiles/vk_symbiote.dir/src/VitalityOracle.cpp.o
[ 35%] Building CXX object vk_symbiote/CMakeFiles/vk_symbiote.dir/src/VulkanSymbioteEngine.cpp.o
[ 40%] Building CXX object vk_symbiote/CMakeFiles/vk_symbiote.dir/src/NomadPack.cpp.o
/media/michael/external/Vulkan-Symbiote-Loader/vk_symbiote/src/ShaderRuntime.cpp: In member function ‘void vk_symbiote::CooperativeMatrixManager::query_capabilities()’:
/media/michael/external/Vulkan-Symbiote-Loader/vk_symbiote/src/ShaderRuntime.cpp:215:22: error: ‘const struct VkCooperativeMatrixPropertiesKHR’ has no member named ‘Atype’; did you mean ‘AType’?
  215 |             if (prop.Atype == VK_COMPONENT_TYPE_FLOAT16_KHR) {
      |                      ^~~~~
      |                      AType
/media/michael/external/Vulkan-Symbiote-Loader/vk_symbiote/src/ShaderRuntime.cpp: In member function ‘vk_symbiote::TuningConfig vk_symbiote::AutoTuner::auto_tune_full()’:
/media/michael/external/Vulkan-Symbiote-Loader/vk_symbiote/src/ShaderRuntime.cpp:335:41: error: ‘VkPhysicalDeviceLimits’ {aka ‘struct VkPhysicalDeviceLimits’} has no member named ‘shaderFloat64’
  335 |         config.use_fp16 = (props.limits.shaderFloat64 != 0) &&
      |                                         ^~~~~~~~~~~~~
/media/michael/external/Vulkan-Symbiote-Loader/vk_symbiote/src/ShaderRuntime.cpp: In member function ‘double vk_symbiote::AutoTuner::benchmark_workgroup(uint32_t, uint32_t, uint32_t, uint32_t, uint32_t)’:
/media/michael/external/Vulkan-Symbiote-Loader/vk_symbiote/src/ShaderRuntime.cpp:367:66: warning: unused parameter ‘m’ [-Wunused-parameter]
  367 |     double benchmark_workgroup(uint32_t workgroup_size, uint32_t m, uint32_t n, uint32_t k, uint32_t iterations) {
      |                                                         ~~~~~~~~~^
/media/michael/external/Vulkan-Symbiote-Loader/vk_symbiote/src/ShaderRuntime.cpp:367:78: warning: unused parameter ‘n’ [-Wunused-parameter]
  367 |     double benchmark_workgroup(uint32_t workgroup_size, uint32_t m, uint32_t n, uint32_t k, uint32_t iterations) {
      |                                                                     ~~~~~~~~~^
/media/michael/external/Vulkan-Symbiote-Loader/vk_symbiote/src/ShaderRuntime.cpp:367:90: warning: unused parameter ‘k’ [-Wunused-parameter]
  367 |     double benchmark_workgroup(uint32_t workgroup_size, uint32_t m, uint32_t n, uint32_t k, uint32_t iterations) {
      |                                                                                 ~~~~~~~~~^
/media/michael/external/Vulkan-Symbiote-Loader/vk_symbiote/src/ShaderRuntime.cpp:367:102: warning: unused parameter ‘iterations’ [-Wunused-parameter]
  367 |     double benchmark_workgroup(uint32_t workgroup_size, uint32_t m, uint32_t n, uint32_t k, uint32_t iterations) {
      |                                                                                             ~~~~~~~~~^~~~~~~~~~
/media/michael/external/Vulkan-Symbiote-Loader/vk_symbiote/src/ShaderRuntime.cpp: In member function ‘std::string vk_symbiote::ShaderRuntime::generate_tuned_matmul_shader(uint32_t, uint32_t, uint32_t)’:
/media/michael/external/Vulkan-Symbiote-Loader/vk_symbiote/src/ShaderRuntime.cpp:732:66: warning: unused parameter ‘m’ [-Wunused-parameter]
  732 | std::string ShaderRuntime::generate_tuned_matmul_shader(uint32_t m, uint32_t n, uint32_t k) {
      |                                                         ~~~~~~~~~^
/media/michael/external/Vulkan-Symbiote-Loader/vk_symbiote/src/ShaderRuntime.cpp:732:78: warning: unused parameter ‘n’ [-Wunused-parameter]
  732 | std::string ShaderRuntime::generate_tuned_matmul_shader(uint32_t m, uint32_t n, uint32_t k) {
      |                                                                     ~~~~~~~~~^
/media/michael/external/Vulkan-Symbiote-Loader/vk_symbiote/src/ShaderRuntime.cpp:732:90: warning: unused parameter ‘k’ [-Wunused-parameter]
  732 | std::string ShaderRuntime::generate_tuned_matmul_shader(uint32_t m, uint32_t n, uint32_t k) {
      |                                                                                 ~~~~~~~~~^
/media/michael/external/Vulkan-Symbiote-Loader/vk_symbiote/src/ShaderRuntime.cpp: In member function ‘vk_symbiote::ShaderRuntime::DeviceCapabilities vk_symbiote::ShaderRuntime::query_device_capabilities() const’:
/media/michael/external/Vulkan-Symbiote-Loader/vk_symbiote/src/ShaderRuntime.cpp:813:10: error: ‘struct vk_symbiote::ShaderRuntime::DeviceCapabilities’ has no member named ‘shared_memory_size’
  813 |     caps.shared_memory_size = properties.limits.maxComputeSharedMemorySize;
      |          ^~~~~~~~~~~~~~~~~~
/media/michael/external/Vulkan-Symbiote-Loader/vk_symbiote/src/ShaderRuntime.cpp: In member function ‘std::string vk_symbiote::ShaderRuntime::generate_tuned_attention_shader(uint32_t, uint32_t)’:
/media/michael/external/Vulkan-Symbiote-Loader/vk_symbiote/src/ShaderRuntime.cpp:975:69: warning: unused parameter ‘seq_len’ [-Wunused-parameter]
  975 | std::string ShaderRuntime::generate_tuned_attention_shader(uint32_t seq_len, uint32_t head_dim) {
      |                                                            ~~~~~~~~~^~~~~~~
/media/michael/external/Vulkan-Symbiote-Loader/vk_symbiote/src/ShaderRuntime.cpp:975:87: warning: unused parameter ‘head_dim’ [-Wunused-parameter]
  975 | std::string ShaderRuntime::generate_tuned_attention_shader(uint32_t seq_len, uint32_t head_dim) {
      |                                                                              ~~~~~~~~~^~~~~~~~
/media/michael/external/Vulkan-Symbiote-Loader/vk_symbiote/src/VulkanSymbioteEngine.cpp: In member function ‘vk_symbiote::ExpectedVoid vk_symbiote::VulkanSymbioteEngine::initialize_vulkan()’:
/media/michael/external/Vulkan-Symbiote-Loader/vk_symbiote/src/VulkanSymbioteEngine.cpp:300:11: warning: unused variable ‘config’ [-Wunused-variable]
  300 |     auto& config = ConfigManager::instance();
      |           ^~~~~~
/media/michael/external/Vulkan-Symbiote-Loader/vk_symbiote/src/VulkanSymbioteEngine.cpp: In member function ‘std::string vk_symbiote::VulkanSymbioteEngine::generate(const std::string&, uint32_t, float)’:
/media/michael/external/Vulkan-Symbiote-Loader/vk_symbiote/src/VulkanSymbioteEngine.cpp:461:14: warning: unused variable ‘start_time’ [-Wunused-variable]
  461 |     uint64_t start_time = get_current_time_ns();
      |              ^~~~~~~~~~
/media/michael/external/Vulkan-Symbiote-Loader/vk_symbiote/src/VulkanSymbioteEngine.cpp: In member function ‘vk_symbiote::Expected<std::vector<float> > vk_symbiote::VulkanSymbioteEngine::forward_layer_with_kv(const std::vector<float>&, uint32_t)’:
/media/michael/external/Vulkan-Symbiote-Loader/vk_symbiote/src/VulkanSymbioteEngine.cpp:555:69: error: cannot convert ‘const vk_symbiote::KVCacheManager::KVCacheEntry’ to ‘const vk_symbiote::KVCacheEntry&’
  555 |     auto attn_out = attention_with_cache(normed.value(), layer_idx, kv_cache);
      |                                                                     ^~~~~~~~
      |                                                                     |
      |                                                                     const vk_symbiote::KVCacheManager::KVCacheEntry
In file included from /media/michael/external/Vulkan-Symbiote-Loader/vk_symbiote/src/VulkanSymbioteEngine.cpp:2:
/media/michael/external/Vulkan-Symbiote-Loader/vk_symbiote/include/vk_symbiote/VulkanSymbioteEngine.h:148:83: note:   initializing argument 3 of ‘vk_symbiote::Expected<std::vector<float> > vk_symbiote::VulkanSymbioteEngine::attention_with_cache(const std::vector<float>&, uint32_t, const vk_symbiote::KVCacheEntry&)’
  148 |                                                        const struct KVCacheEntry& kv_cache);
      |                                                        ~~~~~~~~~~~~~~~~~~~~~~~~~~~^~~~~~~~
/media/michael/external/Vulkan-Symbiote-Loader/vk_symbiote/src/VulkanSymbioteEngine.cpp: At global scope:
/media/michael/external/Vulkan-Symbiote-Loader/vk_symbiote/src/VulkanSymbioteEngine.cpp:568:30: error: no declaration matches ‘vk_symbiote::Expected<std::vector<float> > vk_symbiote::VulkanSymbioteEngine::attention_with_cache(const std::vector<float>&, uint32_t, const vk_symbiote::KVCacheManager::KVCacheEntry&)’
  568 | Expected<std::vector<float>> VulkanSymbioteEngine::attention_with_cache(
      |                              ^~~~~~~~~~~~~~~~~~~~
/media/michael/external/Vulkan-Symbiote-Loader/vk_symbiote/include/vk_symbiote/VulkanSymbioteEngine.h:147:34: note: candidate is: ‘vk_symbiote::Expected<std::vector<float> > vk_symbiote::VulkanSymbioteEngine::attention_with_cache(const std::vector<float>&, uint32_t, const vk_symbiote::KVCacheEntry&)’
  147 |     Expected<std::vector<float>> attention_with_cache(const std::vector<float>& hidden, uint32_t layer_idx,
      |                                  ^~~~~~~~~~~~~~~~~~~~
/media/michael/external/Vulkan-Symbiote-Loader/vk_symbiote/include/vk_symbiote/VulkanSymbioteEngine.h:72:7: note: ‘class vk_symbiote::VulkanSymbioteEngine’ defined here
   72 | class VulkanSymbioteEngine {
      |       ^~~~~~~~~~~~~~~~~~~~
/media/michael/external/Vulkan-Symbiote-Loader/vk_symbiote/src/VulkanSymbioteEngine.cpp: In member function ‘vk_symbiote::Expected<std::vector<float> > vk_symbiote::VulkanSymbioteEngine::attention(const std::vector<float>&, uint32_t)’:
/media/michael/external/Vulkan-Symbiote-Loader/vk_symbiote/src/VulkanSymbioteEngine.cpp:930:105: warning: unused parameter ‘layer_idx’ [-Wunused-parameter]
  930 | Expected<std::vector<float>> VulkanSymbioteEngine::attention(const std::vector<float>& hidden, uint32_t layer_idx) {
      |                                                                                                ~~~~~~~~~^~~~~~~~~
/media/michael/external/Vulkan-Symbiote-Loader/vk_symbiote/src/VulkanSymbioteEngine.cpp: In member function ‘vk_symbiote::Expected<std::vector<float> > vk_symbiote::VulkanSymbioteEngine::feed_forward(const std::vector<float>&, uint32_t)’:
/media/michael/external/Vulkan-Symbiote-Loader/vk_symbiote/src/VulkanSymbioteEngine.cpp:998:108: warning: unused parameter ‘layer_idx’ [-Wunused-parameter]
  998 | Expected<std::vector<float>> VulkanSymbioteEngine::feed_forward(const std::vector<float>& hidden, uint32_t layer_idx) {
      |                                                                                                   ~~~~~~~~~^~~~~~~~~
/media/michael/external/Vulkan-Symbiote-Loader/vk_symbiote/src/VulkanSymbioteEngine.cpp: In member function ‘vk_symbiote::Expected<std::vector<float> > vk_symbiote::VulkanSymbioteEngine::rms_norm(const std::vector<float>&, uint32_t)’:
/media/michael/external/Vulkan-Symbiote-Loader/vk_symbiote/src/VulkanSymbioteEngine.cpp:1057:104: warning: unused parameter ‘layer_idx’ [-Wunused-parameter]
 1057 | Expected<std::vector<float>> VulkanSymbioteEngine::rms_norm(const std::vector<float>& hidden, uint32_t layer_idx) {
      |                                                                                               ~~~~~~~~~^~~~~~~~~
/media/michael/external/Vulkan-Symbiote-Loader/vk_symbiote/src/VulkanSymbioteEngine.cpp: In member function ‘vk_symbiote::Expected<std::vector<float> > vk_symbiote::VulkanSymbioteEngine::apply_rope(const std::vector<float>&, uint32_t)’:
/media/michael/external/Vulkan-Symbiote-Loader/vk_symbiote/src/VulkanSymbioteEngine.cpp:1116:106: warning: unused parameter ‘position’ [-Wunused-parameter]
 1116 | Expected<std::vector<float>> VulkanSymbioteEngine::apply_rope(const std::vector<float>& hidden, uint32_t position) {
      |                                                                                                 ~~~~~~~~~^~~~~~~~
/media/michael/external/Vulkan-Symbiote-Loader/vk_symbiote/src/VitalityOracle.cpp: In lambda function:
/media/michael/external/Vulkan-Symbiote-Loader/vk_symbiote/src/VitalityOracle.cpp:694:103: warning: unused parameter ‘bias_init’ [-Wunused-parameter]
  694 |         auto init_gate = [&](std::array<float, HIDDEN_SIZE * (INPUT_SIZE + HIDDEN_SIZE)>& gate, float bias_init = 0.0f) {
      |                                                                                                 ~~~~~~^~~~~~~~~~~~~~~~
In file included from /media/michael/external/Vulkan-Symbiote-Loader/vk_symbiote/src/NomadPack.cpp:26:
/media/michael/external/Vulkan-Symbiote-Loader/vk_symbiote/src/../../compression/include/Blosc2Compression.h: In member function ‘virtual bool compression::Blosc2Compression::compress(const void*, size_t, std::vector<unsigned char>&)’:
/media/michael/external/Vulkan-Symbiote-Loader/vk_symbiote/src/../../compression/include/Blosc2Compression.h:20:35: warning: unused parameter ‘src’ [-Wunused-parameter]
   20 |         bool compress(const void* src, size_t src_size, std::vector<uint8_t>& out) override { return false; }
      |                       ~~~~~~~~~~~~^~~
/media/michael/external/Vulkan-Symbiote-Loader/vk_symbiote/src/../../compression/include/Blosc2Compression.h:20:47: warning: unused parameter ‘src_size’ [-Wunused-parameter]
   20 |         bool compress(const void* src, size_t src_size, std::vector<uint8_t>& out) override { return false; }
      |                                        ~~~~~~~^~~~~~~~
/media/michael/external/Vulkan-Symbiote-Loader/vk_symbiote/src/../../compression/include/Blosc2Compression.h:20:79: warning: unused parameter ‘out’ [-Wunused-parameter]
   20 |         bool compress(const void* src, size_t src_size, std::vector<uint8_t>& out) override { return false; }
      |                                                         ~~~~~~~~~~~~~~~~~~~~~~^~~
/media/michael/external/Vulkan-Symbiote-Loader/vk_symbiote/src/../../compression/include/Blosc2Compression.h: In member function ‘virtual bool compression::Blosc2Compression::decompress(const uint8_t*, size_t, size_t, void*)’:
/media/michael/external/Vulkan-Symbiote-Loader/vk_symbiote/src/../../compression/include/Blosc2Compression.h:21:40: warning: unused parameter ‘src_data’ [-Wunused-parameter]
   21 |         bool decompress(const uint8_t* src_data, size_t src_size, size_t decompressed_size, void* dst) override { return false; }
      |                         ~~~~~~~~~~~~~~~^~~~~~~~
/media/michael/external/Vulkan-Symbiote-Loader/vk_symbiote/src/../../compression/include/Blosc2Compression.h:21:57: warning: unused parameter ‘src_size’ [-Wunused-parameter]
   21 |         bool decompress(const uint8_t* src_data, size_t src_size, size_t decompressed_size, void* dst) override { return false; }
      |                                                  ~~~~~~~^~~~~~~~
/media/michael/external/Vulkan-Symbiote-Loader/vk_symbiote/src/../../compression/include/Blosc2Compression.h:21:74: warning: unused parameter ‘decompressed_size’ [-Wunused-parameter]
   21 |         bool decompress(const uint8_t* src_data, size_t src_size, size_t decompressed_size, void* dst) override { return false; }
      |                                                                   ~~~~~~~^~~~~~~~~~~~~~~~~
/media/michael/external/Vulkan-Symbiote-Loader/vk_symbiote/src/../../compression/include/Blosc2Compression.h:21:99: warning: unused parameter ‘dst’ [-Wunused-parameter]
   21 |         bool decompress(const uint8_t* src_data, size_t src_size, size_t decompressed_size, void* dst) override { return false; }
      |                                                                                             ~~~~~~^~~
/media/michael/external/Vulkan-Symbiote-Loader/vk_symbiote/src/VitalityOracle.cpp: In member function ‘std::vector<long unsigned int> vk_symbiote::VitalityOracleImpl::predict_next_packs(const std::vector<unsigned int>&, uint32_t, uint32_t, uint32_t)’:
/media/michael/external/Vulkan-Symbiote-Loader/vk_symbiote/src/VitalityOracle.cpp:1252:75: warning: unused parameter ‘tokens’ [-Wunused-parameter]
 1252 |     std::vector<uint64_t> predict_next_packs(const std::vector<uint32_t>& tokens,
      |                                              ~~~~~~~~~~~~~~~~~~~~~~~~~~~~~^~~~~~
/media/michael/external/Vulkan-Symbiote-Loader/vk_symbiote/src/NomadPack.cpp: In member function ‘vk_symbiote::ExpectedVoid vk_symbiote::NomadPack::load_to_vram_timeline(VkCommandBuffer, VkDeviceSize, VkBuffer, VkDeviceSize)’:
/media/michael/external/Vulkan-Symbiote-Loader/vk_symbiote/src/NomadPack.cpp:687:16: error: ‘load_to_vram_sync’ was not declared in this scope; did you mean ‘load_to_vram’?
  687 |         return load_to_vram_sync(src_buffer, size);
      |                ^~~~~~~~~~~~~~~~~
      |                load_to_vram
/media/michael/external/Vulkan-Symbiote-Loader/vk_symbiote/src/NomadPack.cpp: In member function ‘vk_symbiote::ExpectedVoid vk_symbiote::PackManager::load_pack_with_timeline(uint64_t, VkCommandBuffer, VkBuffer, VkDeviceSize)’:
/media/michael/external/Vulkan-Symbiote-Loader/vk_symbiote/src/NomadPack.cpp:822:11: error: ‘vk_symbiote::BufferRegion vk_symbiote::NomadPack::vram_region_’ is private within this context
  822 |     pack->vram_region_ = region;
      |           ^~~~~~~~~~~~
In file included from /media/michael/external/Vulkan-Symbiote-Loader/vk_symbiote/src/NomadPack.cpp:4:
/media/michael/external/Vulkan-Symbiote-Loader/vk_symbiote/include/vk_symbiote/NomadPack.h:165:18: note: declared private here
  165 |     BufferRegion vram_region_;
      |                  ^~~~~~~~~~~~
/media/michael/external/Vulkan-Symbiote-Loader/vk_symbiote/src/NomadPack.cpp: In member function ‘vk_symbiote::ExpectedVoid vk_symbiote::NomadPack::load_to_ram()’:
/media/michael/external/Vulkan-Symbiote-Loader/vk_symbiote/src/NomadPack.cpp:902:21: error: cannot convert ‘uint8_t*’ {aka ‘unsigned char*’} to ‘float*’ in assignment
  902 |         ram_data_ = new uint8_t[vram_region_.size];
      |                     ^~~~~~~~~~~~~~~~~~~~~~~~~~~~~~
      |                     |
      |                     uint8_t* {aka unsigned char*}
/media/michael/external/Vulkan-Symbiote-Loader/vk_symbiote/src/NomadPack.cpp: In member function ‘bool vk_symbiote::NomadPack::perform_migration(vk_symbiote::MemoryTier)’:
/media/michael/external/Vulkan-Symbiote-Loader/vk_symbiote/src/NomadPack.cpp:953:12: warning: enumeration value ‘UNLOADED’ not handled in switch [-Wswitch]
  953 |     switch (target) {
      |            ^
/media/michael/external/Vulkan-Symbiote-Loader/vk_symbiote/src/NomadPack.cpp: In member function ‘vk_symbiote::Expected<std::vector<float> > vk_symbiote::NomadPack::decompress_blosc()’:
/media/michael/external/Vulkan-Symbiote-Loader/vk_symbiote/src/NomadPack.cpp:1006:5: error: ‘Blosc2Compression’ was not declared in this scope; did you mean ‘compression::Blosc2Compression’?
 1006 |     Blosc2Compression blosc;
      |     ^~~~~~~~~~~~~~~~~
      |     compression::Blosc2Compression
/media/michael/external/Vulkan-Symbiote-Loader/vk_symbiote/src/../../compression/include/Blosc2Compression.h:18:11: note: ‘compression::Blosc2Compression’ declared here
   18 |     class Blosc2Compression : public CompressionBackend {
      |           ^~~~~~~~~~~~~~~~~
/media/michael/external/Vulkan-Symbiote-Loader/vk_symbiote/src/NomadPack.cpp:1007:19: error: ‘blosc’ was not declared in this scope
 1007 |     auto result = blosc.decompress(compressed_data_);
      |                   ^~~~~
/media/michael/external/Vulkan-Symbiote-Loader/vk_symbiote/src/NomadPack.cpp: In member function ‘vk_symbiote::ExpectedVoid vk_symbiote::PackManager::prefetch_packs(const std::vector<long unsigned int>&, float)’:
/media/michael/external/Vulkan-Symbiote-Loader/vk_symbiote/src/NomadPack.cpp:1201:28: error: ‘class vk_symbiote::Expected<vk_symbiote::BufferRegion>’ has no member named ‘buffer’
 1201 |                 if (region.buffer != VK_NULL_HANDLE) {
      |                            ^~~~~~
/media/michael/external/Vulkan-Symbiote-Loader/vk_symbiote/src/NomadPack.cpp:1202:40: error: cannot convert ‘vk_symbiote::Expected<vk_symbiote::BufferRegion>’ to ‘const vk_symbiote::BufferRegion&’
 1202 |                     pack->load_to_vram(region);
      |                                        ^~~~~~
      |                                        |
      |                                        vk_symbiote::Expected<vk_symbiote::BufferRegion>
/media/michael/external/Vulkan-Symbiote-Loader/vk_symbiote/src/NomadPack.cpp:926:58: note:   initializing argument 1 of ‘vk_symbiote::ExpectedVoid vk_symbiote::NomadPack::load_to_vram(const vk_symbiote::BufferRegion&)’
  926 | ExpectedVoid NomadPack::load_to_vram(const BufferRegion& region) {
      |                                      ~~~~~~~~~~~~~~~~~~~~^~~~~~
/media/michael/external/Vulkan-Symbiote-Loader/vk_symbiote/src/NomadPack.cpp: In member function ‘void vk_symbiote::PackManager::prefetch_worker_loop()’:
/media/michael/external/Vulkan-Symbiote-Loader/vk_symbiote/src/NomadPack.cpp:1266:12: error: ‘running_’ was not declared in this scope
 1266 |     while (running_) {
      |            ^~~~~~~~
/media/michael/external/Vulkan-Symbiote-Loader/vk_symbiote/src/NomadPack.cpp:1267:43: error: ‘prefetch_mutex_’ was not declared in this scope; did you mean ‘prefetch_queue_’?
 1267 |         std::unique_lock<std::mutex> lock(prefetch_mutex_);
      |                                           ^~~~~~~~~~~~~~~
      |                                           prefetch_queue_
/media/michael/external/Vulkan-Symbiote-Loader/vk_symbiote/src/NomadPack.cpp: In lambda function:
/media/michael/external/Vulkan-Symbiote-Loader/vk_symbiote/src/NomadPack.cpp:1269:49: error: ‘running_’ is not captured
 1269 |             return !prefetch_queue_.empty() || !running_;
      |                                                 ^~~~~~~~
/media/michael/external/Vulkan-Symbiote-Loader/vk_symbiote/src/NomadPack.cpp:1268:74: note: the lambda has no capture-default
 1268 |         prefetch_cv_.wait_for(lock, std::chrono::milliseconds(100), [this] {
      |                                                                          ^
/media/michael/external/Vulkan-Symbiote-Loader/vk_symbiote/src/NomadPack.cpp:1266:12: note: ‘<typeprefixerror>running_’ declared here
 1266 |     while (running_) {
      |            ^~~~~~~~
/media/michael/external/Vulkan-Symbiote-Loader/vk_symbiote/src/NomadPack.cpp: In member function ‘vk_symbiote::Expected<std::vector<float> > vk_symbiote::NomadPack::decompress_zfp()’:
/media/michael/external/Vulkan-Symbiote-Loader/vk_symbiote/src/NomadPack.cpp:1357:33: error: ‘struct vk_symbiote::PackMetadata’ has no member named ‘n_dimensions’
 1357 |     uint32_t n_dims = metadata_.n_dimensions;
      |                                 ^~~~~~~~~~~~
/media/michael/external/Vulkan-Symbiote-Loader/vk_symbiote/src/NomadPack.cpp:1364:31: error: ‘struct vk_symbiote::PackMetadata’ has no member named ‘dimensions’
 1364 |     for (auto dim : metadata_.dimensions) {
      |                               ^~~~~~~~~~
/media/michael/external/Vulkan-Symbiote-Loader/vk_symbiote/src/NomadPack.cpp:1368:5: error: ‘ZFPCompression’ was not declared in this scope; did you mean ‘compression’?
 1368 |     ZFPCompression zfp;
      |     ^~~~~~~~~~~~~~
      |     compression
/media/michael/external/Vulkan-Symbiote-Loader/vk_symbiote/src/NomadPack.cpp:1369:5: error: ‘ZFPCompression’ is not a class, namespace, or enumeration
 1369 |     ZFPCompression::ZFPMode mode = ZFPCompression::ZFPMode::FixedRate;
      |     ^~~~~~~~~~~~~~
/media/michael/external/Vulkan-Symbiote-Loader/vk_symbiote/src/NomadPack.cpp:1370:5: error: ‘ZFPCompression’ is not a class, namespace, or enumeration
 1370 |     ZFPCompression::CompressionParams params;
      |     ^~~~~~~~~~~~~~
/media/michael/external/Vulkan-Symbiote-Loader/vk_symbiote/src/NomadPack.cpp:1371:5: error: ‘params’ was not declared in this scope
 1371 |     params.rate = 16.0;
      |     ^~~~~~
/media/michael/external/Vulkan-Symbiote-Loader/vk_symbiote/src/NomadPack.cpp:1377:19: error: ‘zfp’ was not declared in this scope
 1377 |         success = zfp.decompress1D(compressed_data_, output.data(), metadata_.dimensions[0], mode, params);
      |                   ^~~
/media/michael/external/Vulkan-Symbiote-Loader/vk_symbiote/src/NomadPack.cpp:1377:79: error: ‘struct vk_symbiote::PackMetadata’ has no member named ‘dimensions’
 1377 |         success = zfp.decompress1D(compressed_data_, output.data(), metadata_.dimensions[0], mode, params);
      |                                                                               ^~~~~~~~~~
/media/michael/external/Vulkan-Symbiote-Loader/vk_symbiote/src/NomadPack.cpp:1377:94: error: ‘mode’ was not declared in this scope; did you mean ‘modf’?
 1377 |         success = zfp.decompress1D(compressed_data_, output.data(), metadata_.dimensions[0], mode, params);
      |                                                                                              ^~~~
      |                                                                                              modf
/media/michael/external/Vulkan-Symbiote-Loader/vk_symbiote/src/NomadPack.cpp:1379:19: error: ‘zfp’ was not declared in this scope
 1379 |         success = zfp.decompress2D(compressed_data_, output.data(),
      |                   ^~~
/media/michael/external/Vulkan-Symbiote-Loader/vk_symbiote/src/NomadPack.cpp:1380:46: error: ‘struct vk_symbiote::PackMetadata’ has no member named ‘dimensions’
 1380 |                                    metadata_.dimensions[0], metadata_.dimensions[1], mode, params);
      |                                              ^~~~~~~~~~
/media/michael/external/Vulkan-Symbiote-Loader/vk_symbiote/src/NomadPack.cpp:1380:71: error: ‘struct vk_symbiote::PackMetadata’ has no member named ‘dimensions’
 1380 |                                    metadata_.dimensions[0], metadata_.dimensions[1], mode, params);
      |                                                                       ^~~~~~~~~~
/media/michael/external/Vulkan-Symbiote-Loader/vk_symbiote/src/NomadPack.cpp:1380:86: error: ‘mode’ was not declared in this scope; did you mean ‘modf’?
 1380 |                                    metadata_.dimensions[0], metadata_.dimensions[1], mode, params);
      |                                                                                      ^~~~
      |                                                                                      modf
/media/michael/external/Vulkan-Symbiote-Loader/vk_symbiote/src/NomadPack.cpp:1382:19: error: ‘zfp’ was not declared in this scope
 1382 |         success = zfp.decompress3D(compressed_data_, output.data(),
      |                   ^~~
/media/michael/external/Vulkan-Symbiote-Loader/vk_symbiote/src/NomadPack.cpp:1383:46: error: ‘struct vk_symbiote::PackMetadata’ has no member named ‘dimensions’
 1383 |                                    metadata_.dimensions[0], metadata_.dimensions[1], metadata_.dimensions[2],
      |                                              ^~~~~~~~~~
/media/michael/external/Vulkan-Symbiote-Loader/vk_symbiote/src/NomadPack.cpp:1383:71: error: ‘struct vk_symbiote::PackMetadata’ has no member named ‘dimensions’
 1383 |                                    metadata_.dimensions[0], metadata_.dimensions[1], metadata_.dimensions[2],
      |                                                                       ^~~~~~~~~~
/media/michael/external/Vulkan-Symbiote-Loader/vk_symbiote/src/NomadPack.cpp:1383:96: error: ‘struct vk_symbiote::PackMetadata’ has no member named ‘dimensions’
 1383 |                                    metadata_.dimensions[0], metadata_.dimensions[1], metadata_.dimensions[2],
      |                                                                                                ^~~~~~~~~~
/media/michael/external/Vulkan-Symbiote-Loader/vk_symbiote/src/NomadPack.cpp:1384:36: error: ‘mode’ was not declared in this scope; did you mean ‘modf’?
 1384 |                                    mode, params);
      |                                    ^~~~
      |                                    modf
gmake[2]: *** [vk_symbiote/CMakeFiles/vk_symbiote.dir/build.make:118: vk_symbiote/CMakeFiles/vk_symbiote.dir/src/ShaderRuntime.cpp.o] Error 1
gmake[2]: *** Waiting for unfinished jobs....
gmake[2]: *** [vk_symbiote/CMakeFiles/vk_symbiote.dir/build.make:76: vk_symbiote/CMakeFiles/vk_symbiote.dir/src/VulkanSymbioteEngine.cpp.o] Error 1
gmake[2]: *** [vk_symbiote/CMakeFiles/vk_symbiote.dir/build.make:90: vk_symbiote/CMakeFiles/vk_symbiote.dir/src/NomadPack.cpp.o] Error 1
gmake[1]: *** [CMakeFiles/Makefile2:164: vk_symbiote/CMakeFiles/vk_symbiote.dir/all] Error 2
gmake: *** [Makefile:136: all] Error 2
